# JRE version: OpenJDK Runtime Environment (8.0_242-b01) (build 1.8.0_242-release-1644-b01)
# Java VM: OpenJDK 64-Bit Server VM (25.242-b01 mixed mode windows-amd64 compressed oops)
Heap:
 PSYoungGen      total 248320K, used 153025K [0x00000000d5580000, 0x00000000e9480000, 0x0000000100000000)
  eden space 222208K, 57% used [0x00000000d5580000,0x00000000dd176648,0x00000000e2e80000)
  from space 26112K, 99% used [0x00000000e2e80000,0x00000000e47fa1a8,0x00000000e4800000)
  to   space 34304K, 0% used [0x00000000e7300000,0x00000000e7300000,0x00000000e9480000)
 ParOldGen       total 218624K, used 50538K [0x0000000080000000, 0x000000008d580000, 0x00000000d5580000)
  object space 218624K, 23% used [0x0000000080000000,0x000000008315aae8,0x000000008d580000)
 Metaspace       used 89049K, capacity 93374K, committed 93528K, reserved 1130496K
  class space    used 11723K, capacity 12575K, committed 12672K, reserved 1048576K
GC Heap History (10 events):
Event: 12.153 GC heap before
{Heap before GC invocations=12 (full 2):
 PSYoungGen      total 196608K, used 71939K [0x00000000d5580000, 0x00000000e3380000, 0x0000000100000000)
  eden space 184320K, 32% used [0x00000000d5580000,0x00000000d8fc5c10,0x00000000e0980000)
  from space 12288K, 99% used [0x00000000e0980000,0x00000000e157b310,0x00000000e1580000)
  to   space 17408K, 0% used [0x00000000e2280000,0x00000000e2280000,0x00000000e3380000)
 ParOldGen       total 145920K, used 24021K [0x0000000080000000, 0x0000000088e80000, 0x00000000d5580000)
  object space 145920K, 16% used [0x0000000080000000,0x0000000081775650,0x0000000088e80000)
 Metaspace       used 56917K, capacity 59078K, committed 59096K, reserved 1099776K
  class space    used 7482K, capacity 7933K, committed 7936K, reserved 1048576K
Event: 12.183 GC heap after
Heap after GC invocations=12 (full 2):
 PSYoungGen      total 207360K, used 17404K [0x00000000d5580000, 0x00000000e6300000, 0x0000000100000000)
  eden space 189952K, 0% used [0x00000000d5580000,0x00000000d5580000,0x00000000e0f00000)
  from space 17408K, 99% used [0x00000000e2280000,0x00000000e337f270,0x00000000e3380000)
  to   space 19968K, 0% used [0x00000000e0f00000,0x00000000e0f00000,0x00000000e2280000)
 ParOldGen       total 145920K, used 26238K [0x0000000080000000, 0x0000000088e80000, 0x00000000d5580000)
  object space 145920K, 17% used [0x0000000080000000,0x000000008199fbb0,0x0000000088e80000)
 Metaspace       used 56917K, capacity 59078K, committed 59096K, reserved 1099776K
  class space    used 7482K, capacity 7933K, committed 7936K, reserved 1048576K
}
Event: 12.183 GC heap before
{Heap before GC invocations=13 (full 3):
 PSYoungGen      total 207360K, used 17404K [0x00000000d5580000, 0x00000000e6300000, 0x0000000100000000)
  eden space 189952K, 0% used [0x00000000d5580000,0x00000000d5580000,0x00000000e0f00000)
  from space 17408K, 99% used [0x00000000e2280000,0x00000000e337f270,0x00000000e3380000)
  to   space 19968K, 0% used [0x00000000e0f00000,0x00000000e0f00000,0x00000000e2280000)
 ParOldGen       total 145920K, used 26238K [0x0000000080000000, 0x0000000088e80000, 0x00000000d5580000)
  object space 145920K, 17% used [0x0000000080000000,0x000000008199fbb0,0x0000000088e80000)
 Metaspace       used 56917K, capacity 59078K, committed 59096K, reserved 1099776K
  class space    used 7482K, capacity 7933K, committed 7936K, reserved 1048576K
Event: 12.474 GC heap after
Heap after GC invocations=13 (full 3):
 PSYoungGen      total 207360K, used 0K [0x00000000d5580000, 0x00000000e6300000, 0x0000000100000000)
  eden space 189952K, 0% used [0x00000000d5580000,0x00000000d5580000,0x00000000e0f00000)
  from space 17408K, 0% used [0x00000000e2280000,0x00000000e2280000,0x00000000e3380000)
  to   space 19968K, 0% used [0x00000000e0f00000,0x00000000e0f00000,0x00000000e2280000)
 ParOldGen       total 218624K, used 33082K [0x0000000080000000, 0x000000008d580000, 0x00000000d5580000)
  object space 218624K, 15% used [0x0000000080000000,0x000000008204ea98,0x000000008d580000)
 Metaspace       used 56821K, capacity 58782K, committed 59096K, reserved 1099776K
  class space    used 7457K, capacity 7897K, committed 7936K, reserved 1048576K
}
Event: 15.238 GC heap before
{Heap before GC invocations=14 (full 3):
 PSYoungGen      total 207360K, used 189952K [0x00000000d5580000, 0x00000000e6300000, 0x0000000100000000)
  eden space 189952K, 100% used [0x00000000d5580000,0x00000000e0f00000,0x00000000e0f00000)
  from space 17408K, 0% used [0x00000000e2280000,0x00000000e2280000,0x00000000e3380000)
  to   space 19968K, 0% used [0x00000000e0f00000,0x00000000e0f00000,0x00000000e2280000)
 ParOldGen       total 218624K, used 33082K [0x0000000080000000, 0x000000008d580000, 0x00000000d5580000)
  object space 218624K, 15% used [0x0000000080000000,0x000000008204ea98,0x000000008d580000)
 Metaspace       used 67903K, capacity 70458K, committed 70616K, reserved 1110016K
  class space    used 9147K, capacity 9684K, committed 9728K, reserved 1048576K
Event: 15.251 GC heap after
Heap after GC invocations=14 (full 3):
 PSYoungGen      total 209920K, used 17146K [0x00000000d5580000, 0x00000000e5d00000, 0x0000000100000000)
  eden space 189952K, 0% used [0x00000000d5580000,0x00000000d5580000,0x00000000e0f00000)
  from space 19968K, 85% used [0x00000000e0f00000,0x00000000e1fbe928,0x00000000e2280000)
  to   space 21504K, 0% used [0x00000000e4800000,0x00000000e4800000,0x00000000e5d00000)
 ParOldGen       total 218624K, used 33090K [0x0000000080000000, 0x000000008d580000, 0x00000000d5580000)
  object space 218624K, 15% used [0x0000000080000000,0x0000000082050a98,0x000000008d580000)
 Metaspace       used 67903K, capacity 70458K, committed 70616K, reserved 1110016K
  class space    used 9147K, capacity 9684K, committed 9728K, reserved 1048576K
}
Event: 18.089 GC heap before
{Heap before GC invocations=15 (full 3):
 PSYoungGen      total 209920K, used 207098K [0x00000000d5580000, 0x00000000e5d00000, 0x0000000100000000)
  eden space 189952K, 100% used [0x00000000d5580000,0x00000000e0f00000,0x00000000e0f00000)
  from space 19968K, 85% used [0x00000000e0f00000,0x00000000e1fbe928,0x00000000e2280000)
  to   space 21504K, 0% used [0x00000000e4800000,0x00000000e4800000,0x00000000e5d00000)
 ParOldGen       total 218624K, used 33090K [0x0000000080000000, 0x000000008d580000, 0x00000000d5580000)
  object space 218624K, 15% used [0x0000000080000000,0x0000000082050a98,0x000000008d580000)
 Metaspace       used 76894K, capacity 80342K, committed 80472K, reserved 1118208K
  class space    used 10359K, capacity 11010K, committed 11136K, reserved 1048576K
Event: 18.128 GC heap after
Heap after GC invocations=15 (full 3):
 PSYoungGen      total 243712K, used 21481K [0x00000000d5580000, 0x00000000e6580000, 0x0000000100000000)
  eden space 222208K, 0% used [0x00000000d5580000,0x00000000d5580000,0x00000000e2e80000)
  from space 21504K, 99% used [0x00000000e4800000,0x00000000e5cfa540,0x00000000e5d00000)
  to   space 26112K, 0% used [0x00000000e2e80000,0x00000000e2e80000,0x00000000e4800000)
 ParOldGen       total 218624K, used 37913K [0x0000000080000000, 0x000000008d580000, 0x00000000d5580000)
  object space 218624K, 17% used [0x0000000080000000,0x0000000082506660,0x000000008d580000)
 Metaspace       used 76894K, capacity 80342K, committed 80472K, reserved 1118208K
  class space    used 10359K, capacity 11010K, committed 11136K, reserved 1048576K
}
Event: 39.433 GC heap before
{Heap before GC invocations=16 (full 3):
 PSYoungGen      total 243712K, used 243689K [0x00000000d5580000, 0x00000000e6580000, 0x0000000100000000)
  eden space 222208K, 100% used [0x00000000d5580000,0x00000000e2e80000,0x00000000e2e80000)
  from space 21504K, 99% used [0x00000000e4800000,0x00000000e5cfa540,0x00000000e5d00000)
  to   space 26112K, 0% used [0x00000000e2e80000,0x00000000e2e80000,0x00000000e4800000)
 ParOldGen       total 218624K, used 37913K [0x0000000080000000, 0x000000008d580000, 0x00000000d5580000)
  object space 218624K, 17% used [0x0000000080000000,0x0000000082506660,0x000000008d580000)
 Metaspace       used 85914K, capacity 90026K, committed 90328K, reserved 1128448K
  class space    used 11347K, capacity 12173K, committed 12288K, reserved 1048576K
Event: 39.485 GC heap after
Heap after GC invocations=16 (full 3):
 PSYoungGen      total 248320K, used 26088K [0x00000000d5580000, 0x00000000e9480000, 0x0000000100000000)
  eden space 222208K, 0% used [0x00000000d5580000,0x00000000d5580000,0x00000000e2e80000)
  from space 26112K, 99% used [0x00000000e2e80000,0x00000000e47fa1a8,0x00000000e4800000)
  to   space 34304K, 0% used [0x00000000e7300000,0x00000000e7300000,0x00000000e9480000)
 ParOldGen       total 218624K, used 50538K [0x0000000080000000, 0x000000008d580000, 0x00000000d5580000)
  object space 218624K, 23% used [0x0000000080000000,0x000000008315aae8,0x000000008d580000)
 Metaspace       used 85914K, capacity 90026K, committed 90328K, reserved 1128448K
  class space    used 11347K, capacity 12173K, committed 12288K, reserved 1048576K
}

